<?xml version="1.0" encoding="UTF-8"?>
<!-- Generated by org.testng.reporters.JUnitXMLReporter -->
<testsuite ignored="0" hostname="IN-CTJWDK3" failures="0" tests="3" name="Open Cart Login Page Test" time="28.493" errors="0" timestamp="2025-08-15T12:10:56 IST">
  <testcase classname="com.qa.test.LoginPageTest" name="loginPageNavigationTest" time="1.838"/>
  <testcase classname="com.qa.test.LoginPageTest" name="loginPageNavigationTest2" time="2.89"/>
  <testcase classname="com.qa.test.LoginPageTest" name="loginPageNavigationTest1" time="1.126"/>
</testsuite> <!-- Open Cart Login Page Test -->
