<?xml version="1.0" encoding="UTF-8"?>
<!-- Generated by org.testng.reporters.JUnitXMLReporter -->
<testsuite ignored="0" hostname="IN-CTJWDK3" failures="1" tests="3" name="Open Cart Login Page Test Firefox" time="21.851" errors="0" timestamp="2025-08-15T13:10:04 IST">
  <testcase classname="com.qa.test.LoginPageTest" name="loginPageNavigationTest2" time="0.812"/>
  <testcase classname="com.qa.test.LoginPageTest" name="loginPageNavigationTest" time="0.978"/>
  <testcase classname="com.qa.test.LoginPageTest" name="loginPageNavigationTest1" time="9.397">
    <failure type="com.microsoft.playwright.impl.TargetClosedError" message="Error {
  message=&amp;apos;Target page, context or browser has been closed
  name=&amp;apos;TargetClosedError
  stack=&amp;apos;TargetClosedError: Target page, context or browser has been closed
    at DispatcherConnection.dispatch (C:\Users\omgoyal\AppData\Local\Temp\playwright-java-16079532416761377328\package\lib\server\dispatchers\dispatcher.js:283:44)
    at transport.onmessage (C:\Users\omgoyal\AppData\Local\Temp\playwright-java-16079532416761377328\package\lib\cli\driver.js:52:57)
    at Immediate._onImmediate (C:\Users\omgoyal\AppData\Local\Temp\playwright-java-16079532416761377328\package\lib\server\utils\pipeTransport.js:77:34)
    at process.processImmediate (node:internal/timers:491:21)
}">
      <![CDATA[com.microsoft.playwright.impl.TargetClosedError: Error {
  message='Target page, context or browser has been closed
  name='TargetClosedError
  stack='TargetClosedError: Target page, context or browser has been closed
    at DispatcherConnection.dispatch (C:\Users\omgoyal\AppData\Local\Temp\playwright-java-16079532416761377328\package\lib\server\dispatchers\dispatcher.js:283:44)
    at transport.onmessage (C:\Users\omgoyal\AppData\Local\Temp\playwright-java-16079532416761377328\package\lib\cli\driver.js:52:57)
    at Immediate._onImmediate (C:\Users\omgoyal\AppData\Local\Temp\playwright-java-16079532416761377328\package\lib\server\utils\pipeTransport.js:77:34)
    at process.processImmediate (node:internal/timers:491:21)
}
at com.microsoft.playwright.impl.WaitableResult.get(WaitableResult.java:54)
at com.microsoft.playwright.impl.ChannelOwner.runUntil(ChannelOwner.java:132)
at com.microsoft.playwright.impl.Connection.sendMessage(Connection.java:130)
at com.microsoft.playwright.impl.ChannelOwner.sendMessage(ChannelOwner.java:118)
at com.microsoft.playwright.impl.FrameImpl.waitForSelectorImpl(FrameImpl.java:1060)
at com.microsoft.playwright.impl.LocatorImpl.lambda$waitForImpl$8(LocatorImpl.java:634)
at com.microsoft.playwright.impl.LoggingSupport.withLogging(LoggingSupport.java:47)
at com.microsoft.playwright.impl.ChannelOwner.withLogging(ChannelOwner.java:97)
at com.microsoft.playwright.impl.LocatorImpl.waitForImpl(LocatorImpl.java:634)
at com.microsoft.playwright.impl.LocatorImpl.waitFor(LocatorImpl.java:630)
at com.qa.pages.HomePage.clickLoginButton(HomePage.java:86)
at com.qa.test.LoginPageTest.loginPageNavigationTest1(LoginPageTest.java:24)
at java.base/jdk.internal.reflect.NativeMethodAccessorImpl.invoke0(Native Method)
at java.base/jdk.internal.reflect.NativeMethodAccessorImpl.invoke(NativeMethodAccessorImpl.java:77)
at java.base/jdk.internal.reflect.DelegatingMethodAccessorImpl.invoke(DelegatingMethodAccessorImpl.java:43)
at java.base/java.lang.reflect.Method.invoke(Method.java:569)
at org.testng.internal.MethodInvocationHelper.invokeMethod(MethodInvocationHelper.java:133)
at org.testng.internal.TestInvoker.invokeMethod(TestInvoker.java:598)
at org.testng.internal.TestInvoker.invokeTestMethod(TestInvoker.java:173)
at org.testng.internal.MethodRunner.runInSequence(MethodRunner.java:46)
at org.testng.internal.TestInvoker$MethodInvocationAgent.invoke(TestInvoker.java:824)
at org.testng.internal.TestInvoker.invokeTestMethods(TestInvoker.java:146)
at org.testng.internal.TestMethodWorker.invokeTestMethods(TestMethodWorker.java:146)
at org.testng.internal.TestMethodWorker.run(TestMethodWorker.java:128)
at java.base/java.util.concurrent.ThreadPoolExecutor.runWorker(ThreadPoolExecutor.java:1136)
at java.base/java.util.concurrent.ThreadPoolExecutor$Worker.run(ThreadPoolExecutor.java:635)
at java.base/java.lang.Thread.run(Thread.java:840)
Caused by: com.microsoft.playwright.impl.TargetClosedError: Error {
  message='Target page, context or browser has been closed
  name='TargetClosedError
  stack='TargetClosedError: Target page, context or browser has been closed
    at DispatcherConnection.dispatch (C:\Users\omgoyal\AppData\Local\Temp\playwright-java-16079532416761377328\package\lib\server\dispatchers\dispatcher.js:283:44)
    at transport.onmessage (C:\Users\omgoyal\AppData\Local\Temp\playwright-java-16079532416761377328\package\lib\cli\driver.js:52:57)
    at Immediate._onImmediate (C:\Users\omgoyal\AppData\Local\Temp\playwright-java-16079532416761377328\package\lib\server\utils\pipeTransport.js:77:34)
    at process.processImmediate (node:internal/timers:491:21)
}
at com.microsoft.playwright.impl.Connection.dispatch(Connection.java:256)
at com.microsoft.playwright.impl.Connection.processOneMessage(Connection.java:211)
at com.microsoft.playwright.impl.ChannelOwner.runUntil(ChannelOwner.java:130)
at com.microsoft.playwright.impl.Connection.sendMessage(Connection.java:130)
at com.microsoft.playwright.impl.ChannelOwner.sendMessage(ChannelOwner.java:118)
at com.microsoft.playwright.impl.ChannelOwner.sendMessage(ChannelOwner.java:113)
at com.microsoft.playwright.impl.BrowserImpl.closeImpl(BrowserImpl.java:89)
at com.microsoft.playwright.impl.BrowserImpl.lambda$close$0(BrowserImpl.java:72)
at com.microsoft.playwright.impl.LoggingSupport.lambda$withLogging$0(LoggingSupport.java:36)
at com.microsoft.playwright.impl.LoggingSupport.withLogging(LoggingSupport.java:47)
at com.microsoft.playwright.impl.ChannelOwner.withLogging(ChannelOwner.java:97)
at com.microsoft.playwright.impl.LoggingSupport.withLogging(LoggingSupport.java:35)
at com.microsoft.playwright.impl.BrowserImpl.close(BrowserImpl.java:72)
at com.microsoft.playwright.Browser.close(Browser.java:1268)
at com.qa.factory.PlaywrightFactory.tearDown(PlaywrightFactory.java:149)
at com.qa.base.BaseTest.tearDown(BaseTest.java:51)
at java.base/jdk.internal.reflect.NativeMethodAccessorImpl.invoke0(Native Method)
at java.base/jdk.internal.reflect.NativeMethodAccessorImpl.invoke(NativeMethodAccessorImpl.java:77)
at java.base/jdk.internal.reflect.DelegatingMethodAccessorImpl.invoke(DelegatingMethodAccessorImpl.java:43)
at java.base/java.lang.reflect.Method.invoke(Method.java:569)
at org.testng.internal.MethodInvocationHelper.invokeMethod(MethodInvocationHelper.java:133)
at org.testng.internal.MethodInvocationHelper.invokeMethodConsideringTimeout(MethodInvocationHelper.java:62)
at org.testng.internal.ConfigInvoker.invokeConfigurationMethod(ConfigInvoker.java:385)
at org.testng.internal.ConfigInvoker.invokeConfigurations(ConfigInvoker.java:321)
at org.testng.internal.TestInvoker.runConfigMethods(TestInvoker.java:700)
at org.testng.internal.TestInvoker.runAfterGroupsConfigurations(TestInvoker.java:676)
at org.testng.internal.TestInvoker.invokeMethod(TestInvoker.java:660)
... 9 more
]]>
    </failure>
  </testcase> <!-- loginPageNavigationTest1 -->
</testsuite> <!-- Open Cart Login Page Test Firefox -->
