<?xml version="1.0" encoding="UTF-8"?>
<!-- Generated by org.testng.reporters.JUnitXMLReporter -->
<testsuite ignored="0" hostname="IN-CTJWDK3" failures="0" tests="3" name="Open Cart Login Page Test Safari" time="39.851" errors="0" timestamp="2025-08-15T13:11:37 IST">
  <testcase classname="com.qa.base.BaseTest" name="@BeforeMethod setup" time="31.087">
    <failure type="com.microsoft.playwright.TimeoutError" message="Error {
  message=&amp;apos;Timeout 30000ms exceeded.
  name=&amp;apos;TimeoutError
  stack=&amp;apos;TimeoutError: Timeout 30000ms exceeded.
    at ProgressController.run (C:\Users\omgoyal\AppData\Local\Temp\playwright-java-16079532416761377328\package\lib\server\progress.js:75:26)
    at Frame.goto (C:\Users\omgoyal\AppData\Local\Temp\playwright-java-16079532416761377328\package\lib\server\frames.js:521:23)
    at FrameDispatcher.goto (C:\Users\omgoyal\AppData\Local\Temp\playwright-java-16079532416761377328\package\lib\server\dispatchers\frameDispatcher.js:81:119)
    at FrameDispatcher._handleCommand (C:\Users\omgoyal\AppData\Local\Temp\playwright-java-16079532416761377328\package\lib\server\dispatchers\dispatcher.js:96:40)
    at DispatcherConnection.dispatch (C:\Users\omgoyal\AppData\Local\Temp\playwright-java-16079532416761377328\package\lib\server\dispatchers\dispatcher.js:366:39)
}
Call log:
-   - navigating to &amp;quot;https://naveenautomationlabs.com/opencart/&amp;quot;, waiting until &amp;quot;load&amp;quot;
">
      <![CDATA[com.microsoft.playwright.TimeoutError: Error {
  message='Timeout 30000ms exceeded.
  name='TimeoutError
  stack='TimeoutError: Timeout 30000ms exceeded.
    at ProgressController.run (C:\Users\omgoyal\AppData\Local\Temp\playwright-java-16079532416761377328\package\lib\server\progress.js:75:26)
    at Frame.goto (C:\Users\omgoyal\AppData\Local\Temp\playwright-java-16079532416761377328\package\lib\server\frames.js:521:23)
    at FrameDispatcher.goto (C:\Users\omgoyal\AppData\Local\Temp\playwright-java-16079532416761377328\package\lib\server\dispatchers\frameDispatcher.js:81:119)
    at FrameDispatcher._handleCommand (C:\Users\omgoyal\AppData\Local\Temp\playwright-java-16079532416761377328\package\lib\server\dispatchers\dispatcher.js:96:40)
    at DispatcherConnection.dispatch (C:\Users\omgoyal\AppData\Local\Temp\playwright-java-16079532416761377328\package\lib\server\dispatchers\dispatcher.js:366:39)
}
Call log:
-   - navigating to "https://naveenautomationlabs.com/opencart/", waiting until "load"

at com.microsoft.playwright.impl.WaitableResult.get(WaitableResult.java:52)
at com.microsoft.playwright.impl.ChannelOwner.runUntil(ChannelOwner.java:132)
at com.microsoft.playwright.impl.Connection.sendMessage(Connection.java:130)
at com.microsoft.playwright.impl.ChannelOwner.sendMessage(ChannelOwner.java:118)
at com.microsoft.playwright.impl.FrameImpl.navigateImpl(FrameImpl.java:463)
at com.microsoft.playwright.impl.PageImpl.lambda$navigate$47(PageImpl.java:943)
at com.microsoft.playwright.impl.LoggingSupport.withLogging(LoggingSupport.java:47)
at com.microsoft.playwright.impl.ChannelOwner.withLogging(ChannelOwner.java:97)
at com.microsoft.playwright.impl.PageImpl.navigate(PageImpl.java:943)
at com.microsoft.playwright.impl.PageImpl.navigate(PageImpl.java:42)
at com.microsoft.playwright.Page.navigate(Page.java:5491)
at com.qa.factory.PlaywrightFactory.initBrowser(PlaywrightFactory.java:92)
at com.qa.base.BaseTest.setup(BaseTest.java:42)
at java.base/jdk.internal.reflect.NativeMethodAccessorImpl.invoke0(Native Method)
at java.base/jdk.internal.reflect.NativeMethodAccessorImpl.invoke(NativeMethodAccessorImpl.java:77)
at java.base/jdk.internal.reflect.DelegatingMethodAccessorImpl.invoke(DelegatingMethodAccessorImpl.java:43)
at java.base/java.lang.reflect.Method.invoke(Method.java:569)
at org.testng.internal.MethodInvocationHelper.invokeMethod(MethodInvocationHelper.java:133)
at org.testng.internal.MethodInvocationHelper.invokeMethodConsideringTimeout(MethodInvocationHelper.java:62)
at org.testng.internal.ConfigInvoker.invokeConfigurationMethod(ConfigInvoker.java:385)
at org.testng.internal.ConfigInvoker.invokeConfigurations(ConfigInvoker.java:321)
at org.testng.internal.TestInvoker.runConfigMethods(TestInvoker.java:700)
at org.testng.internal.TestInvoker.invokeMethod(TestInvoker.java:527)
at org.testng.internal.TestInvoker.invokeTestMethod(TestInvoker.java:173)
at org.testng.internal.MethodRunner.runInSequence(MethodRunner.java:46)
at org.testng.internal.TestInvoker$MethodInvocationAgent.invoke(TestInvoker.java:824)
at org.testng.internal.TestInvoker.invokeTestMethods(TestInvoker.java:146)
at org.testng.internal.TestMethodWorker.invokeTestMethods(TestMethodWorker.java:146)
at org.testng.internal.TestMethodWorker.run(TestMethodWorker.java:128)
at java.base/java.util.concurrent.ThreadPoolExecutor.runWorker(ThreadPoolExecutor.java:1136)
at java.base/java.util.concurrent.ThreadPoolExecutor$Worker.run(ThreadPoolExecutor.java:635)
at java.base/java.lang.Thread.run(Thread.java:840)
Caused by: com.microsoft.playwright.TimeoutError: Error {
  message='Timeout 30000ms exceeded.
  name='TimeoutError
  stack='TimeoutError: Timeout 30000ms exceeded.
    at ProgressController.run (C:\Users\omgoyal\AppData\Local\Temp\playwright-java-16079532416761377328\package\lib\server\progress.js:75:26)
    at Frame.goto (C:\Users\omgoyal\AppData\Local\Temp\playwright-java-16079532416761377328\package\lib\server\frames.js:521:23)
    at FrameDispatcher.goto (C:\Users\omgoyal\AppData\Local\Temp\playwright-java-16079532416761377328\package\lib\server\dispatchers\frameDispatcher.js:81:119)
    at FrameDispatcher._handleCommand (C:\Users\omgoyal\AppData\Local\Temp\playwright-java-16079532416761377328\package\lib\server\dispatchers\dispatcher.js:96:40)
    at DispatcherConnection.dispatch (C:\Users\omgoyal\AppData\Local\Temp\playwright-java-16079532416761377328\package\lib\server\dispatchers\dispatcher.js:366:39)
}
Call log:
-   - navigating to "https://naveenautomationlabs.com/opencart/", waiting until "load"

at com.microsoft.playwright.impl.Connection.dispatch(Connection.java:254)
at com.microsoft.playwright.impl.Connection.processOneMessage(Connection.java:211)
at com.microsoft.playwright.impl.ChannelOwner.runUntil(ChannelOwner.java:130)
... 30 more
]]>
    </failure>
  </testcase> <!-- @BeforeMethod setup -->
  <testcase classname="com.qa.test.LoginPageTest" name="loginPageNavigationTest" time="1.026"/>
  <testcase classname="com.qa.test.LoginPageTest" name="loginPageNavigationTest2" time="1.161"/>
  <testcase classname="com.qa.test.LoginPageTest" name="loginPageNavigationTest1" time="0.0">
    <skipped/>
  </testcase> <!-- loginPageNavigationTest1 -->
</testsuite> <!-- Open Cart Login Page Test Safari -->
