<?xml version="1.0" encoding="UTF-8"?>
<!-- Generated by org.testng.reporters.JUnitXMLReporter -->
<testsuite ignored="0" hostname="IN-CTJWDK3" failures="0" tests="3" name="Open Cart Login Page Test Safari" time="31.115" errors="0" timestamp="2025-08-15T13:03:41 IST">
  <testcase classname="com.qa.test.LoginPageTest" name="loginPageNavigationTest1" time="0.0">
    <skipped/>
  </testcase> <!-- loginPageNavigationTest1 -->
  <testcase classname="com.qa.test.LoginPageTest" name="loginPageNavigationTest2" time="0.001">
    <skipped/>
  </testcase> <!-- loginPageNavigationTest2 -->
  <testcase classname="com.qa.test.LoginPageTest" name="loginPageNavigationTest" time="0.0">
    <skipped/>
  </testcase> <!-- loginPageNavigationTest -->
</testsuite> <!-- Open Cart Login Page Test Safari -->
