<?xml version="1.0" encoding="UTF-8"?>
<testsuite xmlns:xsi="http://www.w3.org/2001/XMLSchema-instance" xsi:noNamespaceSchemaLocation="https://maven.apache.org/surefire/maven-surefire-plugin/xsd/surefire-test-report.xsd" version="3.0.1" name="TestSuite" time="77.657" tests="15" errors="0" skipped="3" failures="7">
  <properties>
[...]
</properties>
  <testcase name="homePageTitleTest" classname="com.qa.test.HomePageTest" time="0.052">
    <failure message="expected [Your Stores] but found [Your Store]" type="java.lang.AssertionError"><![CDATA[java.lang.AssertionError: expected [Your Stores] but found [Your Store]
	at org.testng.Assert.fail(Assert.java:111)
	at org.testng.Assert.failNotEquals(Assert.java:1578)
	at org.testng.Assert.assertEqualsImpl(Assert.java:150)
	at org.testng.Assert.assertEquals(Assert.java:132)
	at org.testng.Assert.assertEquals(Assert.java:656)
	at org.testng.Assert.assertEquals(Assert.java:666)
	at com.qa.test.HomePageTest.homePageTitleTest(HomePageTest.java:20)
	at java.base/jdk.internal.reflect.NativeMethodAccessorImpl.invoke0(Native Method)
	at java.base/jdk.internal.reflect.NativeMethodAccessorImpl.invoke(NativeMethodAccessorImpl.java:77)
	at java.base/jdk.internal.reflect.DelegatingMethodAccessorImpl.invoke(DelegatingMethodAccessorImpl.java:43)
	at java.base/java.lang.reflect.Method.invoke(Method.java:569)
	at org.testng.internal.invokers.MethodInvocationHelper.invokeMethod(MethodInvocationHelper.java:141)
	at org.testng.internal.invokers.TestInvoker.invokeMethod(TestInvoker.java:686)
	at org.testng.internal.invokers.TestInvoker.invokeTestMethod(TestInvoker.java:230)
	at org.testng.internal.invokers.MethodRunner.runInSequence(MethodRunner.java:63)
	at org.testng.internal.invokers.TestInvoker$MethodInvocationAgent.invoke(TestInvoker.java:992)
	at org.testng.internal.invokers.TestInvoker.invokeTestMethods(TestInvoker.java:203)
	at org.testng.internal.invokers.TestMethodWorker.invokeTestMethods(TestMethodWorker.java:154)
	at org.testng.internal.invokers.TestMethodWorker.run(TestMethodWorker.java:134)
	at java.base/java.util.concurrent.Executors$RunnableAdapter.call(Executors.java:539)
	at java.base/java.util.concurrent.FutureTask.run(FutureTask.java:264)
	at org.testng.internal.thread.graph.TestNGFutureTask.run(TestNGFutureTask.java:22)
	at java.base/java.util.concurrent.ThreadPoolExecutor.runWorker(ThreadPoolExecutor.java:1136)
	at java.base/java.util.concurrent.ThreadPoolExecutor$Worker.run(ThreadPoolExecutor.java:635)
	at java.base/java.lang.Thread.run(Thread.java:840)
]]></failure>
    <system-out><![CDATA[...
... TestNG 7.10.2 by Cédric Beust (cedric@beust.com)
...

Test Suite Started!
Browser: chrome
searchTextstarted
homePageTitleTeststarted
page title :Your Store
This is your store...
homePageTitleTestfailed!
]]></system-out>
    <system-err><![CDATA[SLF4J: Failed to load class "org.slf4j.impl.StaticLoggerBinder".
SLF4J: Defaulting to no-operation (NOP) logger implementation
SLF4J: See http://www.slf4j.org/codes.html#StaticLoggerBinder for further details.
java.lang.IllegalStateException: No Playwright Page instance found in ThreadLocal. Did you call initBrowser()?
	at com.qa.factory.PlaywrightFactory.takeFullPageScreenshot(PlaywrightFactory.java:109)
	at com.qa.listener.ExtentReportListener.onTestFailure(ExtentReportListener.java:104)
	at org.testng.internal.TestListenerHelper.runTestListeners(TestListenerHelper.java:115)
	at org.testng.internal.invokers.TestInvoker.runTestResultListener(TestInvoker.java:285)
	at org.testng.internal.invokers.TestInvoker.invokeMethod(TestInvoker.java:774)
	at org.testng.internal.invokers.TestInvoker.invokeTestMethod(TestInvoker.java:230)
	at org.testng.internal.invokers.MethodRunner.runInSequence(MethodRunner.java:63)
	at org.testng.internal.invokers.TestInvoker$MethodInvocationAgent.invoke(TestInvoker.java:992)
	at org.testng.internal.invokers.TestInvoker.invokeTestMethods(TestInvoker.java:203)
	at org.testng.internal.invokers.TestMethodWorker.invokeTestMethods(TestMethodWorker.java:154)
	at org.testng.internal.invokers.TestMethodWorker.run(TestMethodWorker.java:134)
	at java.base/java.util.concurrent.Executors$RunnableAdapter.call(Executors.java:539)
	at java.base/java.util.concurrent.FutureTask.run(FutureTask.java:264)
	at org.testng.internal.thread.graph.TestNGFutureTask.run(TestNGFutureTask.java:22)
	at java.base/java.util.concurrent.ThreadPoolExecutor.runWorker(ThreadPoolExecutor.java:1136)
	at java.base/java.util.concurrent.ThreadPoolExecutor$Worker.run(ThreadPoolExecutor.java:635)
	at java.base/java.lang.Thread.run(Thread.java:840)
]]></system-err>
  </testcase>
  <testcase name="homePageTitleTest" classname="com.qa.test.HomePageTest" time="0.046">
    <failure message="expected [Your Stores] but found [Your Store]" type="java.lang.AssertionError"><![CDATA[java.lang.AssertionError: expected [Your Stores] but found [Your Store]
	at org.testng.Assert.fail(Assert.java:111)
	at org.testng.Assert.failNotEquals(Assert.java:1578)
	at org.testng.Assert.assertEqualsImpl(Assert.java:150)
	at org.testng.Assert.assertEquals(Assert.java:132)
	at org.testng.Assert.assertEquals(Assert.java:656)
	at org.testng.Assert.assertEquals(Assert.java:666)
	at com.qa.test.HomePageTest.homePageTitleTest(HomePageTest.java:20)
	at java.base/jdk.internal.reflect.NativeMethodAccessorImpl.invoke0(Native Method)
	at java.base/jdk.internal.reflect.NativeMethodAccessorImpl.invoke(NativeMethodAccessorImpl.java:77)
	at java.base/jdk.internal.reflect.DelegatingMethodAccessorImpl.invoke(DelegatingMethodAccessorImpl.java:43)
	at java.base/java.lang.reflect.Method.invoke(Method.java:569)
	at org.testng.internal.invokers.MethodInvocationHelper.invokeMethod(MethodInvocationHelper.java:141)
	at org.testng.internal.invokers.TestInvoker.invokeMethod(TestInvoker.java:686)
	at org.testng.internal.invokers.TestInvoker.invokeTestMethod(TestInvoker.java:230)
	at org.testng.internal.invokers.MethodRunner.runInSequence(MethodRunner.java:63)
	at org.testng.internal.invokers.TestInvoker$MethodInvocationAgent.invoke(TestInvoker.java:992)
	at org.testng.internal.invokers.TestInvoker.invokeTestMethods(TestInvoker.java:203)
	at org.testng.internal.invokers.TestMethodWorker.invokeTestMethods(TestMethodWorker.java:154)
	at org.testng.internal.invokers.TestMethodWorker.run(TestMethodWorker.java:134)
	at java.base/java.util.concurrent.Executors$RunnableAdapter.call(Executors.java:539)
	at java.base/java.util.concurrent.FutureTask.run(FutureTask.java:264)
	at org.testng.internal.thread.graph.TestNGFutureTask.run(TestNGFutureTask.java:22)
	at java.base/java.util.concurrent.ThreadPoolExecutor.runWorker(ThreadPoolExecutor.java:1136)
	at java.base/java.util.concurrent.ThreadPoolExecutor$Worker.run(ThreadPoolExecutor.java:635)
	at java.base/java.lang.Thread.run(Thread.java:840)
]]></failure>
    <system-out><![CDATA[Test suite is ending
Test Suite Started!
Browser: edge
searchTextstarted
homePageTitleTeststarted
page title :Your Store
This is your store...
homePageTitleTestfailed!
]]></system-out>
    <system-err><![CDATA[java.lang.IllegalStateException: No Playwright Page instance found in ThreadLocal. Did you call initBrowser()?
	at com.qa.factory.PlaywrightFactory.takeFullPageScreenshot(PlaywrightFactory.java:109)
	at com.qa.listener.ExtentReportListener.onTestFailure(ExtentReportListener.java:104)
	at org.testng.internal.TestListenerHelper.runTestListeners(TestListenerHelper.java:115)
	at org.testng.internal.invokers.TestInvoker.runTestResultListener(TestInvoker.java:285)
	at org.testng.internal.invokers.TestInvoker.invokeMethod(TestInvoker.java:774)
	at org.testng.internal.invokers.TestInvoker.invokeTestMethod(TestInvoker.java:230)
	at org.testng.internal.invokers.MethodRunner.runInSequence(MethodRunner.java:63)
	at org.testng.internal.invokers.TestInvoker$MethodInvocationAgent.invoke(TestInvoker.java:992)
	at org.testng.internal.invokers.TestInvoker.invokeTestMethods(TestInvoker.java:203)
	at org.testng.internal.invokers.TestMethodWorker.invokeTestMethods(TestMethodWorker.java:154)
	at org.testng.internal.invokers.TestMethodWorker.run(TestMethodWorker.java:134)
	at java.base/java.util.concurrent.Executors$RunnableAdapter.call(Executors.java:539)
	at java.base/java.util.concurrent.FutureTask.run(FutureTask.java:264)
	at org.testng.internal.thread.graph.TestNGFutureTask.run(TestNGFutureTask.java:22)
	at java.base/java.util.concurrent.ThreadPoolExecutor.runWorker(ThreadPoolExecutor.java:1136)
	at java.base/java.util.concurrent.ThreadPoolExecutor$Worker.run(ThreadPoolExecutor.java:635)
	at java.base/java.lang.Thread.run(Thread.java:840)
]]></system-err>
  </testcase>
  <testcase name="searchText[Macbook](1)" classname="com.qa.test.HomePageTest" time="0.719">
    <system-out><![CDATA[Header text: Search - Macbook
Search header is:Search - Macbook
searchTextpassed!
]]></system-out>
  </testcase>
  <testcase name="searchText[Macbook](1)" classname="com.qa.test.HomePageTest" time="1.932">
    <system-out><![CDATA[Header text: Search - Macbook
Search header is:Search - Macbook
searchTextpassed!
]]></system-out>
  </testcase>
  <testcase name="searchText[Samsung](2)" classname="com.qa.test.HomePageTest" time="0.679">
    <system-out><![CDATA[searchTextstarted
Header text: Search - Samsung
Search header is:Search - Samsung
searchTextpassed!
]]></system-out>
  </testcase>
  <testcase name="searchText[Samsung](2)" classname="com.qa.test.HomePageTest" time="1.724">
    <system-out><![CDATA[searchTextstarted
Header text: Search - Samsung
Search header is:Search - Samsung
searchTextpassed!
]]></system-out>
  </testcase>
  <testcase name="searchText[IMAC](3)" classname="com.qa.test.HomePageTest" time="0.49">
    <system-out><![CDATA[searchTextstarted
Header text: Search - IMAC
Search header is:Search - IMAC
searchTextpassed!
]]></system-out>
  </testcase>
  <testcase name="searchText[IMAC](3)" classname="com.qa.test.HomePageTest" time="0.056">
    <failure message="expected [Search - IMAC] but found [Search - Samsung]" type="java.lang.AssertionError"><![CDATA[java.lang.AssertionError: expected [Search - IMAC] but found [Search - Samsung]
	at org.testng.Assert.fail(Assert.java:111)
	at org.testng.Assert.failNotEquals(Assert.java:1578)
	at org.testng.Assert.assertEqualsImpl(Assert.java:150)
	at org.testng.Assert.assertEquals(Assert.java:132)
	at org.testng.Assert.assertEquals(Assert.java:656)
	at org.testng.Assert.assertEquals(Assert.java:666)
	at com.qa.test.HomePageTest.searchText(HomePageTest.java:36)
	at java.base/jdk.internal.reflect.NativeMethodAccessorImpl.invoke0(Native Method)
	at java.base/jdk.internal.reflect.NativeMethodAccessorImpl.invoke(NativeMethodAccessorImpl.java:77)
	at java.base/jdk.internal.reflect.DelegatingMethodAccessorImpl.invoke(DelegatingMethodAccessorImpl.java:43)
	at java.base/java.lang.reflect.Method.invoke(Method.java:569)
	at org.testng.internal.invokers.MethodInvocationHelper.invokeMethod(MethodInvocationHelper.java:141)
	at org.testng.internal.invokers.TestInvoker.invokeMethod(TestInvoker.java:686)
	at org.testng.internal.invokers.TestInvoker.invokeTestMethod(TestInvoker.java:230)
	at org.testng.internal.invokers.MethodRunner.runInSequence(MethodRunner.java:63)
	at org.testng.internal.invokers.TestInvoker$MethodInvocationAgent.invoke(TestInvoker.java:992)
	at org.testng.internal.invokers.TestInvoker.invokeTestMethods(TestInvoker.java:203)
	at org.testng.internal.invokers.TestMethodWorker.invokeTestMethods(TestMethodWorker.java:154)
	at org.testng.internal.invokers.TestMethodWorker.run(TestMethodWorker.java:134)
	at java.base/java.util.concurrent.Executors$RunnableAdapter.call(Executors.java:539)
	at java.base/java.util.concurrent.FutureTask.run(FutureTask.java:264)
	at org.testng.internal.thread.graph.TestNGFutureTask.run(TestNGFutureTask.java:22)
	at java.base/java.util.concurrent.ThreadPoolExecutor.runWorker(ThreadPoolExecutor.java:1136)
	at java.base/java.util.concurrent.ThreadPoolExecutor$Worker.run(ThreadPoolExecutor.java:635)
	at java.base/java.lang.Thread.run(Thread.java:840)
]]></failure>
    <system-out><![CDATA[searchTextstarted
Header text: Search - Samsung
Search header is:Search - Samsung
searchTextfailed!
]]></system-out>
    <system-err><![CDATA[java.lang.IllegalStateException: No Playwright Page instance found in ThreadLocal. Did you call initBrowser()?
	at com.qa.factory.PlaywrightFactory.takeFullPageScreenshot(PlaywrightFactory.java:109)
	at com.qa.listener.ExtentReportListener.onTestFailure(ExtentReportListener.java:104)
	at org.testng.internal.TestListenerHelper.runTestListeners(TestListenerHelper.java:115)
	at org.testng.internal.invokers.TestInvoker.runTestResultListener(TestInvoker.java:285)
	at org.testng.internal.invokers.TestInvoker.invokeMethod(TestInvoker.java:774)
	at org.testng.internal.invokers.TestInvoker.invokeTestMethod(TestInvoker.java:230)
	at org.testng.internal.invokers.MethodRunner.runInSequence(MethodRunner.java:63)
	at org.testng.internal.invokers.TestInvoker$MethodInvocationAgent.invoke(TestInvoker.java:992)
	at org.testng.internal.invokers.TestInvoker.invokeTestMethods(TestInvoker.java:203)
	at org.testng.internal.invokers.TestMethodWorker.invokeTestMethods(TestMethodWorker.java:154)
	at org.testng.internal.invokers.TestMethodWorker.run(TestMethodWorker.java:134)
	at java.base/java.util.concurrent.Executors$RunnableAdapter.call(Executors.java:539)
	at java.base/java.util.concurrent.FutureTask.run(FutureTask.java:264)
	at org.testng.internal.thread.graph.TestNGFutureTask.run(TestNGFutureTask.java:22)
	at java.base/java.util.concurrent.ThreadPoolExecutor.runWorker(ThreadPoolExecutor.java:1136)
	at java.base/java.util.concurrent.ThreadPoolExecutor$Worker.run(ThreadPoolExecutor.java:635)
	at java.base/java.lang.Thread.run(Thread.java:840)
]]></system-err>
  </testcase>
  <testcase name="loginPageNavigationTest" classname="com.qa.test.LoginPageTest" time="0.371">
    <failure message="Object doesn&apos;t exist: request@3598d8423b9e83a803d7f0a44feeba29" type="com.microsoft.playwright.PlaywrightException"><![CDATA[com.microsoft.playwright.PlaywrightException: Object doesn't exist: request@3598d8423b9e83a803d7f0a44feeba29
	at com.microsoft.playwright.impl.Connection.getExistingObject(Connection.java:192)
	at com.microsoft.playwright.impl.BrowserContextImpl.handleEvent(BrowserContextImpl.java:803)
	at com.microsoft.playwright.impl.Connection.dispatch(Connection.java:292)
	at com.microsoft.playwright.impl.Connection.processOneMessage(Connection.java:211)
	at com.microsoft.playwright.impl.ChannelOwner.runUntil(ChannelOwner.java:130)
	at com.microsoft.playwright.impl.Connection.sendMessage(Connection.java:130)
	at com.microsoft.playwright.impl.ChannelOwner.sendMessage(ChannelOwner.java:118)
	at com.microsoft.playwright.impl.FrameImpl.clickImpl(FrameImpl.java:252)
	at com.microsoft.playwright.impl.FrameImpl.lambda$click$8(FrameImpl.java:243)
	at com.microsoft.playwright.impl.LoggingSupport.lambda$withLogging$0(LoggingSupport.java:36)
	at com.microsoft.playwright.impl.LoggingSupport.withLogging(LoggingSupport.java:47)
	at com.microsoft.playwright.impl.ChannelOwner.withLogging(ChannelOwner.java:97)
	at com.microsoft.playwright.impl.LoggingSupport.withLogging(LoggingSupport.java:35)
	at com.microsoft.playwright.impl.FrameImpl.click(FrameImpl.java:243)
	at com.microsoft.playwright.impl.LocatorImpl.click(LocatorImpl.java:174)
	at com.microsoft.playwright.Locator.click(Locator.java:2508)
	at com.qa.pages.HomePage.clickLoginButton(HomePage.java:87)
	at com.qa.test.LoginPageTest.loginPageNavigationTest(LoginPageTest.java:13)
	at java.base/jdk.internal.reflect.NativeMethodAccessorImpl.invoke0(Native Method)
	at java.base/jdk.internal.reflect.NativeMethodAccessorImpl.invoke(NativeMethodAccessorImpl.java:77)
	at java.base/jdk.internal.reflect.DelegatingMethodAccessorImpl.invoke(DelegatingMethodAccessorImpl.java:43)
	at java.base/java.lang.reflect.Method.invoke(Method.java:569)
	at org.testng.internal.invokers.MethodInvocationHelper.invokeMethod(MethodInvocationHelper.java:141)
	at org.testng.internal.invokers.TestInvoker.invokeMethod(TestInvoker.java:686)
	at org.testng.internal.invokers.TestInvoker.invokeTestMethod(TestInvoker.java:230)
	at org.testng.internal.invokers.MethodRunner.runInSequence(MethodRunner.java:63)
	at org.testng.internal.invokers.TestInvoker$MethodInvocationAgent.invoke(TestInvoker.java:992)
	at org.testng.internal.invokers.TestInvoker.invokeTestMethods(TestInvoker.java:203)
	at org.testng.internal.invokers.TestMethodWorker.invokeTestMethods(TestMethodWorker.java:154)
	at org.testng.internal.invokers.TestMethodWorker.run(TestMethodWorker.java:134)
	at java.base/java.util.concurrent.Executors$RunnableAdapter.call(Executors.java:539)
	at java.base/java.util.concurrent.FutureTask.run(FutureTask.java:264)
	at org.testng.internal.thread.graph.TestNGFutureTask.run(TestNGFutureTask.java:22)
	at java.base/java.util.concurrent.ThreadPoolExecutor.runWorker(ThreadPoolExecutor.java:1136)
	at java.base/java.util.concurrent.ThreadPoolExecutor$Worker.run(ThreadPoolExecutor.java:635)
	at java.base/java.lang.Thread.run(Thread.java:840)
]]></failure>
    <system-out><![CDATA[Test suite is ending
Test Suite Started!
Browser: firefox
loginPageNavigationTest1started
loginPageNavigationTeststarted
loginPageNavigationTest2started
loginPageNavigationTestfailed!
]]></system-out>
    <system-err><![CDATA[java.lang.IllegalStateException: No Playwright Page instance found in ThreadLocal. Did you call initBrowser()?
	at com.qa.factory.PlaywrightFactory.takeFullPageScreenshot(PlaywrightFactory.java:109)
	at com.qa.listener.ExtentReportListener.onTestFailure(ExtentReportListener.java:104)
	at org.testng.internal.TestListenerHelper.runTestListeners(TestListenerHelper.java:115)
	at org.testng.internal.invokers.TestInvoker.runTestResultListener(TestInvoker.java:285)
	at org.testng.internal.invokers.TestInvoker.invokeMethod(TestInvoker.java:774)
	at org.testng.internal.invokers.TestInvoker.invokeTestMethod(TestInvoker.java:230)
	at org.testng.internal.invokers.MethodRunner.runInSequence(MethodRunner.java:63)
	at org.testng.internal.invokers.TestInvoker$MethodInvocationAgent.invoke(TestInvoker.java:992)
	at org.testng.internal.invokers.TestInvoker.invokeTestMethods(TestInvoker.java:203)
	at org.testng.internal.invokers.TestMethodWorker.invokeTestMethods(TestMethodWorker.java:154)
	at org.testng.internal.invokers.TestMethodWorker.run(TestMethodWorker.java:134)
	at java.base/java.util.concurrent.Executors$RunnableAdapter.call(Executors.java:539)
	at java.base/java.util.concurrent.FutureTask.run(FutureTask.java:264)
	at org.testng.internal.thread.graph.TestNGFutureTask.run(TestNGFutureTask.java:22)
	at java.base/java.util.concurrent.ThreadPoolExecutor.runWorker(ThreadPoolExecutor.java:1136)
	at java.base/java.util.concurrent.ThreadPoolExecutor$Worker.run(ThreadPoolExecutor.java:635)
	at java.base/java.lang.Thread.run(Thread.java:840)
]]></system-err>
  </testcase>
  <testcase name="loginPageNavigationTest" classname="com.qa.test.LoginPageTest" time="0.0">
    <skipped message="Error {&#10;  message=&apos;Timeout 30000ms exceeded.&#10;  name=&apos;TimeoutError&#10;  stack=&apos;TimeoutError: Timeout 30000ms exceeded.&#10;    at ProgressController.run (C:\Users\omgoyal\AppData\Local\Temp\playwright-java-4749934509671543215\package\lib\server\progress.js:75:26)&#10;    at Frame.goto (C:\Users\omgoyal\AppData\Local\Temp\playwright-java-4749934509671543215\package\lib\server\frames.js:521:23)&#10;    at FrameDispatcher.goto (C:\Users\omgoyal\AppData\Local\Temp\playwright-java-4749934509671543215\package\lib\server\dispatchers\frameDispatcher.js:81:119)&#10;    at FrameDispatcher._handleCommand (C:\Users\omgoyal\AppData\Local\Temp\playwright-java-4749934509671543215\package\lib\server\dispatchers\dispatcher.js:96:40)&#10;    at DispatcherConnection.dispatch (C:\Users\omgoyal\AppData\Local\Temp\playwright-java-4749934509671543215\package\lib\server\dispatchers\dispatcher.js:366:39)&#10;}&#10;Call log:&#10;-   - navigating to &quot;https://naveenautomationlabs.com/opencart/&quot;, waiting until &quot;load&quot;&#10;"/>
    <system-out><![CDATA[loginPageNavigationTestskipped!
]]></system-out>
    <system-err><![CDATA[java.lang.IllegalStateException: No Playwright Page instance found in ThreadLocal. Did you call initBrowser()?
	at com.qa.factory.PlaywrightFactory.takeFullPageScreenshot(PlaywrightFactory.java:109)
	at com.qa.listener.ExtentReportListener.onTestSkipped(ExtentReportListener.java:116)
	at org.testng.internal.TestListenerHelper.runTestListeners(TestListenerHelper.java:106)
	at org.testng.internal.invokers.TestInvoker.runTestResultListener(TestInvoker.java:285)
	at org.testng.internal.invokers.TestInvoker.invokeListenersForSkippedTestResult(TestInvoker.java:523)
	at org.testng.internal.invokers.TestInvoker.invokeMethod(TestInvoker.java:621)
	at org.testng.internal.invokers.TestInvoker.invokeTestMethod(TestInvoker.java:230)
	at org.testng.internal.invokers.MethodRunner.runInSequence(MethodRunner.java:63)
	at org.testng.internal.invokers.TestInvoker$MethodInvocationAgent.invoke(TestInvoker.java:992)
	at org.testng.internal.invokers.TestInvoker.invokeTestMethods(TestInvoker.java:203)
	at org.testng.internal.invokers.TestMethodWorker.invokeTestMethods(TestMethodWorker.java:154)
	at org.testng.internal.invokers.TestMethodWorker.run(TestMethodWorker.java:134)
	at java.base/java.util.concurrent.Executors$RunnableAdapter.call(Executors.java:539)
	at java.base/java.util.concurrent.FutureTask.run(FutureTask.java:264)
	at org.testng.internal.thread.graph.TestNGFutureTask.run(TestNGFutureTask.java:22)
	at java.base/java.util.concurrent.ThreadPoolExecutor.runWorker(ThreadPoolExecutor.java:1136)
	at java.base/java.util.concurrent.ThreadPoolExecutor$Worker.run(ThreadPoolExecutor.java:635)
	at java.base/java.lang.Thread.run(Thread.java:840)
]]></system-err>
  </testcase>
  <testcase name="loginPageNavigationTest2" classname="com.qa.test.LoginPageTest" time="0.439">
    <failure message="Object doesn&apos;t exist: request@17d7299d4e0c780211b49e51ff049269" type="com.microsoft.playwright.PlaywrightException"><![CDATA[com.microsoft.playwright.PlaywrightException: Object doesn't exist: request@17d7299d4e0c780211b49e51ff049269
	at com.microsoft.playwright.impl.Connection.getExistingObject(Connection.java:192)
	at com.microsoft.playwright.impl.BrowserContextImpl.handleEvent(BrowserContextImpl.java:803)
	at com.microsoft.playwright.impl.Connection.dispatch(Connection.java:292)
	at com.microsoft.playwright.impl.Connection.processOneMessage(Connection.java:211)
	at com.microsoft.playwright.impl.ChannelOwner.runUntil(ChannelOwner.java:130)
	at com.microsoft.playwright.impl.Connection.sendMessage(Connection.java:130)
	at com.microsoft.playwright.impl.ChannelOwner.sendMessage(ChannelOwner.java:118)
	at com.microsoft.playwright.impl.FrameImpl.clickImpl(FrameImpl.java:252)
	at com.microsoft.playwright.impl.FrameImpl.lambda$click$8(FrameImpl.java:243)
	at com.microsoft.playwright.impl.LoggingSupport.lambda$withLogging$0(LoggingSupport.java:36)
	at com.microsoft.playwright.impl.LoggingSupport.withLogging(LoggingSupport.java:47)
	at com.microsoft.playwright.impl.ChannelOwner.withLogging(ChannelOwner.java:97)
	at com.microsoft.playwright.impl.LoggingSupport.withLogging(LoggingSupport.java:35)
	at com.microsoft.playwright.impl.FrameImpl.click(FrameImpl.java:243)
	at com.microsoft.playwright.impl.LocatorImpl.click(LocatorImpl.java:174)
	at com.microsoft.playwright.Locator.click(Locator.java:2508)
	at com.qa.pages.HomePage.clickLoginButton(HomePage.java:87)
	at com.qa.test.LoginPageTest.loginPageNavigationTest2(LoginPageTest.java:35)
	at java.base/jdk.internal.reflect.NativeMethodAccessorImpl.invoke0(Native Method)
	at java.base/jdk.internal.reflect.NativeMethodAccessorImpl.invoke(NativeMethodAccessorImpl.java:77)
	at java.base/jdk.internal.reflect.DelegatingMethodAccessorImpl.invoke(DelegatingMethodAccessorImpl.java:43)
	at java.base/java.lang.reflect.Method.invoke(Method.java:569)
	at org.testng.internal.invokers.MethodInvocationHelper.invokeMethod(MethodInvocationHelper.java:141)
	at org.testng.internal.invokers.TestInvoker.invokeMethod(TestInvoker.java:686)
	at org.testng.internal.invokers.TestInvoker.invokeTestMethod(TestInvoker.java:230)
	at org.testng.internal.invokers.MethodRunner.runInSequence(MethodRunner.java:63)
	at org.testng.internal.invokers.TestInvoker$MethodInvocationAgent.invoke(TestInvoker.java:992)
	at org.testng.internal.invokers.TestInvoker.invokeTestMethods(TestInvoker.java:203)
	at org.testng.internal.invokers.TestMethodWorker.invokeTestMethods(TestMethodWorker.java:154)
	at org.testng.internal.invokers.TestMethodWorker.run(TestMethodWorker.java:134)
	at java.base/java.util.concurrent.Executors$RunnableAdapter.call(Executors.java:539)
	at java.base/java.util.concurrent.FutureTask.run(FutureTask.java:264)
	at org.testng.internal.thread.graph.TestNGFutureTask.run(TestNGFutureTask.java:22)
	at java.base/java.util.concurrent.ThreadPoolExecutor.runWorker(ThreadPoolExecutor.java:1136)
	at java.base/java.util.concurrent.ThreadPoolExecutor$Worker.run(ThreadPoolExecutor.java:635)
	at java.base/java.lang.Thread.run(Thread.java:840)
]]></failure>
    <system-out><![CDATA[loginPageNavigationTest2failed!
]]></system-out>
    <system-err><![CDATA[java.lang.IllegalStateException: No Playwright Page instance found in ThreadLocal. Did you call initBrowser()?
	at com.qa.factory.PlaywrightFactory.takeFullPageScreenshot(PlaywrightFactory.java:109)
	at com.qa.listener.ExtentReportListener.onTestFailure(ExtentReportListener.java:104)
	at org.testng.internal.TestListenerHelper.runTestListeners(TestListenerHelper.java:115)
	at org.testng.internal.invokers.TestInvoker.runTestResultListener(TestInvoker.java:285)
	at org.testng.internal.invokers.TestInvoker.invokeMethod(TestInvoker.java:774)
	at org.testng.internal.invokers.TestInvoker.invokeTestMethod(TestInvoker.java:230)
	at org.testng.internal.invokers.MethodRunner.runInSequence(MethodRunner.java:63)
	at org.testng.internal.invokers.TestInvoker$MethodInvocationAgent.invoke(TestInvoker.java:992)
	at org.testng.internal.invokers.TestInvoker.invokeTestMethods(TestInvoker.java:203)
	at org.testng.internal.invokers.TestMethodWorker.invokeTestMethods(TestMethodWorker.java:154)
	at org.testng.internal.invokers.TestMethodWorker.run(TestMethodWorker.java:134)
	at java.base/java.util.concurrent.Executors$RunnableAdapter.call(Executors.java:539)
	at java.base/java.util.concurrent.FutureTask.run(FutureTask.java:264)
	at org.testng.internal.thread.graph.TestNGFutureTask.run(TestNGFutureTask.java:22)
	at java.base/java.util.concurrent.ThreadPoolExecutor.runWorker(ThreadPoolExecutor.java:1136)
	at java.base/java.util.concurrent.ThreadPoolExecutor$Worker.run(ThreadPoolExecutor.java:635)
	at java.base/java.lang.Thread.run(Thread.java:840)
]]></system-err>
  </testcase>
  <testcase name="loginPageNavigationTest2" classname="com.qa.test.LoginPageTest" time="0.0">
    <skipped message="Error {&#10;  message=&apos;Timeout 30000ms exceeded.&#10;  name=&apos;TimeoutError&#10;  stack=&apos;TimeoutError: Timeout 30000ms exceeded.&#10;    at ProgressController.run (C:\Users\omgoyal\AppData\Local\Temp\playwright-java-4749934509671543215\package\lib\server\progress.js:75:26)&#10;    at Frame.goto (C:\Users\omgoyal\AppData\Local\Temp\playwright-java-4749934509671543215\package\lib\server\frames.js:521:23)&#10;    at FrameDispatcher.goto (C:\Users\omgoyal\AppData\Local\Temp\playwright-java-4749934509671543215\package\lib\server\dispatchers\frameDispatcher.js:81:119)&#10;    at FrameDispatcher._handleCommand (C:\Users\omgoyal\AppData\Local\Temp\playwright-java-4749934509671543215\package\lib\server\dispatchers\dispatcher.js:96:40)&#10;    at DispatcherConnection.dispatch (C:\Users\omgoyal\AppData\Local\Temp\playwright-java-4749934509671543215\package\lib\server\dispatchers\dispatcher.js:366:39)&#10;}&#10;Call log:&#10;-   - navigating to &quot;https://naveenautomationlabs.com/opencart/&quot;, waiting until &quot;load&quot;&#10;"/>
    <system-out><![CDATA[loginPageNavigationTest2skipped!
]]></system-out>
    <system-err><![CDATA[java.lang.IllegalStateException: No Playwright Page instance found in ThreadLocal. Did you call initBrowser()?
	at com.qa.factory.PlaywrightFactory.takeFullPageScreenshot(PlaywrightFactory.java:109)
	at com.qa.listener.ExtentReportListener.onTestSkipped(ExtentReportListener.java:116)
	at org.testng.internal.TestListenerHelper.runTestListeners(TestListenerHelper.java:106)
	at org.testng.internal.invokers.TestInvoker.runTestResultListener(TestInvoker.java:285)
	at org.testng.internal.invokers.TestInvoker.invokeListenersForSkippedTestResult(TestInvoker.java:523)
	at org.testng.internal.invokers.TestInvoker.invokeMethod(TestInvoker.java:621)
	at org.testng.internal.invokers.TestInvoker.invokeTestMethod(TestInvoker.java:230)
	at org.testng.internal.invokers.MethodRunner.runInSequence(MethodRunner.java:63)
	at org.testng.internal.invokers.TestInvoker$MethodInvocationAgent.invoke(TestInvoker.java:992)
	at org.testng.internal.invokers.TestInvoker.invokeTestMethods(TestInvoker.java:203)
	at org.testng.internal.invokers.TestMethodWorker.invokeTestMethods(TestMethodWorker.java:154)
	at org.testng.internal.invokers.TestMethodWorker.run(TestMethodWorker.java:134)
	at java.base/java.util.concurrent.Executors$RunnableAdapter.call(Executors.java:539)
	at java.base/java.util.concurrent.FutureTask.run(FutureTask.java:264)
	at org.testng.internal.thread.graph.TestNGFutureTask.run(TestNGFutureTask.java:22)
	at java.base/java.util.concurrent.ThreadPoolExecutor.runWorker(ThreadPoolExecutor.java:1136)
	at java.base/java.util.concurrent.ThreadPoolExecutor$Worker.run(ThreadPoolExecutor.java:635)
	at java.base/java.lang.Thread.run(Thread.java:840)
]]></system-err>
  </testcase>
  <testcase name="loginPageNavigationTest1" classname="com.qa.test.LoginPageTest" time="0.45">
    <failure message="expected [Account Login] but found [Your Store]" type="java.lang.AssertionError"><![CDATA[java.lang.AssertionError: expected [Account Login] but found [Your Store]
	at org.testng.Assert.fail(Assert.java:111)
	at org.testng.Assert.failNotEquals(Assert.java:1578)
	at org.testng.Assert.assertEqualsImpl(Assert.java:150)
	at org.testng.Assert.assertEquals(Assert.java:132)
	at org.testng.Assert.assertEquals(Assert.java:656)
	at org.testng.Assert.assertEquals(Assert.java:666)
	at com.qa.test.LoginPageTest.loginPageNavigationTest1(LoginPageTest.java:28)
	at java.base/jdk.internal.reflect.NativeMethodAccessorImpl.invoke0(Native Method)
	at java.base/jdk.internal.reflect.NativeMethodAccessorImpl.invoke(NativeMethodAccessorImpl.java:77)
	at java.base/jdk.internal.reflect.DelegatingMethodAccessorImpl.invoke(DelegatingMethodAccessorImpl.java:43)
	at java.base/java.lang.reflect.Method.invoke(Method.java:569)
	at org.testng.internal.invokers.MethodInvocationHelper.invokeMethod(MethodInvocationHelper.java:141)
	at org.testng.internal.invokers.TestInvoker.invokeMethod(TestInvoker.java:686)
	at org.testng.internal.invokers.TestInvoker.invokeTestMethod(TestInvoker.java:230)
	at org.testng.internal.invokers.MethodRunner.runInSequence(MethodRunner.java:63)
	at org.testng.internal.invokers.TestInvoker$MethodInvocationAgent.invoke(TestInvoker.java:992)
	at org.testng.internal.invokers.TestInvoker.invokeTestMethods(TestInvoker.java:203)
	at org.testng.internal.invokers.TestMethodWorker.invokeTestMethods(TestMethodWorker.java:154)
	at org.testng.internal.invokers.TestMethodWorker.run(TestMethodWorker.java:134)
	at java.base/java.util.concurrent.Executors$RunnableAdapter.call(Executors.java:539)
	at java.base/java.util.concurrent.FutureTask.run(FutureTask.java:264)
	at org.testng.internal.thread.graph.TestNGFutureTask.run(TestNGFutureTask.java:22)
	at java.base/java.util.concurrent.ThreadPoolExecutor.runWorker(ThreadPoolExecutor.java:1136)
	at java.base/java.util.concurrent.ThreadPoolExecutor$Worker.run(ThreadPoolExecutor.java:635)
	at java.base/java.lang.Thread.run(Thread.java:840)
]]></failure>
    <system-out><![CDATA[Actual login page title:Your Store
loginPageNavigationTest1failed!
]]></system-out>
    <system-err><![CDATA[java.lang.IllegalStateException: No Playwright Page instance found in ThreadLocal. Did you call initBrowser()?
	at com.qa.factory.PlaywrightFactory.takeFullPageScreenshot(PlaywrightFactory.java:109)
	at com.qa.listener.ExtentReportListener.onTestFailure(ExtentReportListener.java:104)
	at org.testng.internal.TestListenerHelper.runTestListeners(TestListenerHelper.java:115)
	at org.testng.internal.invokers.TestInvoker.runTestResultListener(TestInvoker.java:285)
	at org.testng.internal.invokers.TestInvoker.invokeMethod(TestInvoker.java:774)
	at org.testng.internal.invokers.TestInvoker.invokeTestMethod(TestInvoker.java:230)
	at org.testng.internal.invokers.MethodRunner.runInSequence(MethodRunner.java:63)
	at org.testng.internal.invokers.TestInvoker$MethodInvocationAgent.invoke(TestInvoker.java:992)
	at org.testng.internal.invokers.TestInvoker.invokeTestMethods(TestInvoker.java:203)
	at org.testng.internal.invokers.TestMethodWorker.invokeTestMethods(TestMethodWorker.java:154)
	at org.testng.internal.invokers.TestMethodWorker.run(TestMethodWorker.java:134)
	at java.base/java.util.concurrent.Executors$RunnableAdapter.call(Executors.java:539)
	at java.base/java.util.concurrent.FutureTask.run(FutureTask.java:264)
	at org.testng.internal.thread.graph.TestNGFutureTask.run(TestNGFutureTask.java:22)
	at java.base/java.util.concurrent.ThreadPoolExecutor.runWorker(ThreadPoolExecutor.java:1136)
	at java.base/java.util.concurrent.ThreadPoolExecutor$Worker.run(ThreadPoolExecutor.java:635)
	at java.base/java.lang.Thread.run(Thread.java:840)
]]></system-err>
  </testcase>
  <testcase name="loginPageNavigationTest1" classname="com.qa.test.LoginPageTest" time="0.0">
    <skipped message="Error {&#10;  message=&apos;Timeout 30000ms exceeded.&#10;  name=&apos;TimeoutError&#10;  stack=&apos;TimeoutError: Timeout 30000ms exceeded.&#10;    at ProgressController.run (C:\Users\omgoyal\AppData\Local\Temp\playwright-java-4749934509671543215\package\lib\server\progress.js:75:26)&#10;    at Frame.goto (C:\Users\omgoyal\AppData\Local\Temp\playwright-java-4749934509671543215\package\lib\server\frames.js:521:23)&#10;    at FrameDispatcher.goto (C:\Users\omgoyal\AppData\Local\Temp\playwright-java-4749934509671543215\package\lib\server\dispatchers\frameDispatcher.js:81:119)&#10;    at FrameDispatcher._handleCommand (C:\Users\omgoyal\AppData\Local\Temp\playwright-java-4749934509671543215\package\lib\server\dispatchers\dispatcher.js:96:40)&#10;    at DispatcherConnection.dispatch (C:\Users\omgoyal\AppData\Local\Temp\playwright-java-4749934509671543215\package\lib\server\dispatchers\dispatcher.js:366:39)&#10;}&#10;Call log:&#10;-   - navigating to &quot;https://naveenautomationlabs.com/opencart/&quot;, waiting until &quot;load&quot;&#10;"/>
    <system-out><![CDATA[loginPageNavigationTest1started
loginPageNavigationTeststarted
loginPageNavigationTest2started
loginPageNavigationTest1skipped!
]]></system-out>
    <system-err><![CDATA[java.lang.IllegalStateException: No Playwright Page instance found in ThreadLocal. Did you call initBrowser()?
	at com.qa.factory.PlaywrightFactory.takeFullPageScreenshot(PlaywrightFactory.java:109)
	at com.qa.listener.ExtentReportListener.onTestSkipped(ExtentReportListener.java:116)
	at org.testng.internal.TestListenerHelper.runTestListeners(TestListenerHelper.java:106)
	at org.testng.internal.invokers.TestInvoker.runTestResultListener(TestInvoker.java:285)
	at org.testng.internal.invokers.TestInvoker.invokeListenersForSkippedTestResult(TestInvoker.java:523)
	at org.testng.internal.invokers.TestInvoker.invokeMethod(TestInvoker.java:621)
	at org.testng.internal.invokers.TestInvoker.invokeTestMethod(TestInvoker.java:230)
	at org.testng.internal.invokers.MethodRunner.runInSequence(MethodRunner.java:63)
	at org.testng.internal.invokers.TestInvoker$MethodInvocationAgent.invoke(TestInvoker.java:992)
	at org.testng.internal.invokers.TestInvoker.invokeTestMethods(TestInvoker.java:203)
	at org.testng.internal.invokers.TestMethodWorker.invokeTestMethods(TestMethodWorker.java:154)
	at org.testng.internal.invokers.TestMethodWorker.run(TestMethodWorker.java:134)
	at java.base/java.util.concurrent.Executors$RunnableAdapter.call(Executors.java:539)
	at java.base/java.util.concurrent.FutureTask.run(FutureTask.java:264)
	at org.testng.internal.thread.graph.TestNGFutureTask.run(TestNGFutureTask.java:22)
	at java.base/java.util.concurrent.ThreadPoolExecutor.runWorker(ThreadPoolExecutor.java:1136)
	at java.base/java.util.concurrent.ThreadPoolExecutor$Worker.run(ThreadPoolExecutor.java:635)
	at java.base/java.lang.Thread.run(Thread.java:840)
]]></system-err>
  </testcase>
  <testcase name="setup[safari](0)" classname="com.qa.test.LoginPageTest" time="31.448">
    <failure message="Error {&#10;  message=&apos;Timeout 30000ms exceeded.&#10;  name=&apos;TimeoutError&#10;  stack=&apos;TimeoutError: Timeout 30000ms exceeded.&#10;    at ProgressController.run (C:\Users\omgoyal\AppData\Local\Temp\playwright-java-4749934509671543215\package\lib\server\progress.js:75:26)&#10;    at Frame.goto (C:\Users\omgoyal\AppData\Local\Temp\playwright-java-4749934509671543215\package\lib\server\frames.js:521:23)&#10;    at FrameDispatcher.goto (C:\Users\omgoyal\AppData\Local\Temp\playwright-java-4749934509671543215\package\lib\server\dispatchers\frameDispatcher.js:81:119)&#10;    at FrameDispatcher._handleCommand (C:\Users\omgoyal\AppData\Local\Temp\playwright-java-4749934509671543215\package\lib\server\dispatchers\dispatcher.js:96:40)&#10;    at DispatcherConnection.dispatch (C:\Users\omgoyal\AppData\Local\Temp\playwright-java-4749934509671543215\package\lib\server\dispatchers\dispatcher.js:366:39)&#10;}&#10;Call log:&#10;-   - navigating to &quot;https://naveenautomationlabs.com/opencart/&quot;, waiting until &quot;load&quot;&#10;" type="com.microsoft.playwright.TimeoutError"><![CDATA[com.microsoft.playwright.TimeoutError: 
Error {
  message='Timeout 30000ms exceeded.
  name='TimeoutError
  stack='TimeoutError: Timeout 30000ms exceeded.
    at ProgressController.run (C:\Users\omgoyal\AppData\Local\Temp\playwright-java-4749934509671543215\package\lib\server\progress.js:75:26)
    at Frame.goto (C:\Users\omgoyal\AppData\Local\Temp\playwright-java-4749934509671543215\package\lib\server\frames.js:521:23)
    at FrameDispatcher.goto (C:\Users\omgoyal\AppData\Local\Temp\playwright-java-4749934509671543215\package\lib\server\dispatchers\frameDispatcher.js:81:119)
    at FrameDispatcher._handleCommand (C:\Users\omgoyal\AppData\Local\Temp\playwright-java-4749934509671543215\package\lib\server\dispatchers\dispatcher.js:96:40)
    at DispatcherConnection.dispatch (C:\Users\omgoyal\AppData\Local\Temp\playwright-java-4749934509671543215\package\lib\server\dispatchers\dispatcher.js:366:39)
}
Call log:
-   - navigating to "https://naveenautomationlabs.com/opencart/", waiting until "load"

	at com.microsoft.playwright.impl.WaitableResult.get(WaitableResult.java:52)
	at com.microsoft.playwright.impl.ChannelOwner.runUntil(ChannelOwner.java:132)
	at com.microsoft.playwright.impl.Connection.sendMessage(Connection.java:130)
	at com.microsoft.playwright.impl.ChannelOwner.sendMessage(ChannelOwner.java:118)
	at com.microsoft.playwright.impl.FrameImpl.navigateImpl(FrameImpl.java:463)
	at com.microsoft.playwright.impl.PageImpl.lambda$navigate$47(PageImpl.java:943)
	at com.microsoft.playwright.impl.LoggingSupport.withLogging(LoggingSupport.java:47)
	at com.microsoft.playwright.impl.ChannelOwner.withLogging(ChannelOwner.java:97)
	at com.microsoft.playwright.impl.PageImpl.navigate(PageImpl.java:943)
	at com.microsoft.playwright.impl.PageImpl.navigate(PageImpl.java:42)
	at com.microsoft.playwright.Page.navigate(Page.java:5491)
	at com.qa.factory.PlaywrightFactory.initBrowser(PlaywrightFactory.java:92)
	at com.qa.base.BaseTest.setup(BaseTest.java:42)
	at java.base/jdk.internal.reflect.NativeMethodAccessorImpl.invoke0(Native Method)
	at java.base/jdk.internal.reflect.NativeMethodAccessorImpl.invoke(NativeMethodAccessorImpl.java:77)
	at java.base/jdk.internal.reflect.DelegatingMethodAccessorImpl.invoke(DelegatingMethodAccessorImpl.java:43)
	at java.base/java.lang.reflect.Method.invoke(Method.java:569)
	at org.testng.internal.invokers.MethodInvocationHelper.invokeMethod(MethodInvocationHelper.java:141)
	at org.testng.internal.invokers.MethodInvocationHelper.invokeMethodConsideringTimeout(MethodInvocationHelper.java:71)
	at org.testng.internal.invokers.ConfigInvoker.invokeConfigurationMethod(ConfigInvoker.java:400)
	at org.testng.internal.invokers.ConfigInvoker.invokeConfigurations(ConfigInvoker.java:333)
	at org.testng.TestRunner.invokeTestConfigurations(TestRunner.java:655)
	at org.testng.TestRunner.beforeRun(TestRunner.java:644)
	at org.testng.TestRunner.run(TestRunner.java:610)
	at org.testng.SuiteRunner.runTest(SuiteRunner.java:421)
	at org.testng.SuiteRunner.runSequentially(SuiteRunner.java:413)
	at org.testng.SuiteRunner.privateRun(SuiteRunner.java:373)
	at org.testng.SuiteRunner.run(SuiteRunner.java:312)
	at org.testng.SuiteRunnerWorker.runSuite(SuiteRunnerWorker.java:52)
	at org.testng.SuiteRunnerWorker.run(SuiteRunnerWorker.java:95)
	at org.testng.TestNG.runSuitesSequentially(TestNG.java:1274)
	at org.testng.TestNG.runSuitesLocally(TestNG.java:1208)
	at org.testng.TestNG.runSuites(TestNG.java:1112)
	at org.testng.TestNG.run(TestNG.java:1079)
	at org.apache.maven.surefire.testng.TestNGExecutor.run(TestNGExecutor.java:308)
	at org.apache.maven.surefire.testng.TestNGXmlTestSuite.execute(TestNGXmlTestSuite.java:71)
	at org.apache.maven.surefire.testng.TestNGProvider.invoke(TestNGProvider.java:113)
	at org.apache.maven.surefire.booter.ForkedBooter.runSuitesInProcess(ForkedBooter.java:385)
	at org.apache.maven.surefire.booter.ForkedBooter.execute(ForkedBooter.java:162)
	at org.apache.maven.surefire.booter.ForkedBooter.run(ForkedBooter.java:507)
	at org.apache.maven.surefire.booter.ForkedBooter.main(ForkedBooter.java:495)
Caused by: com.microsoft.playwright.TimeoutError: Error {
  message='Timeout 30000ms exceeded.
  name='TimeoutError
  stack='TimeoutError: Timeout 30000ms exceeded.
    at ProgressController.run (C:\Users\omgoyal\AppData\Local\Temp\playwright-java-4749934509671543215\package\lib\server\progress.js:75:26)
    at Frame.goto (C:\Users\omgoyal\AppData\Local\Temp\playwright-java-4749934509671543215\package\lib\server\frames.js:521:23)
    at FrameDispatcher.goto (C:\Users\omgoyal\AppData\Local\Temp\playwright-java-4749934509671543215\package\lib\server\dispatchers\frameDispatcher.js:81:119)
    at FrameDispatcher._handleCommand (C:\Users\omgoyal\AppData\Local\Temp\playwright-java-4749934509671543215\package\lib\server\dispatchers\dispatcher.js:96:40)
    at DispatcherConnection.dispatch (C:\Users\omgoyal\AppData\Local\Temp\playwright-java-4749934509671543215\package\lib\server\dispatchers\dispatcher.js:366:39)
}
Call log:
-   - navigating to "https://naveenautomationlabs.com/opencart/", waiting until "load"

	at com.microsoft.playwright.impl.Connection.dispatch(Connection.java:254)
	at com.microsoft.playwright.impl.Connection.processOneMessage(Connection.java:211)
	at com.microsoft.playwright.impl.ChannelOwner.runUntil(ChannelOwner.java:130)
	... 39 more
]]></failure>
    <system-out><![CDATA[Test suite is ending
Test Suite Started!
Browser: safari
]]></system-out>
  </testcase>
</testsuite>